# JRE version: OpenJDK Runtime Environment Temurin-21.0.10+7 (21.0.10+7) (build 21.0.10+7-LTS)
# Java VM: OpenJDK 64-Bit Server VM Temurin-21.0.10+7 (21.0.10+7-LTS, mixed mode, sharing, tiered, compressed oops, compressed class ptrs, g1 gc, windows-amd64)
GC Precious Log:
 CardTable entry size: 512
 Card Set container configuration: InlinePtr #cards 5 size 8 Array Of Cards #cards 12 size 40 Howl #buckets 4 coarsen threshold 1843 Howl Bitmap #cards 512 size 80 coarsen threshold 460 Card regions per heap region 1 cards per card region 2048
 CPUs: 12 total, 12 available
 Memory: 7521M
 Large Page Support: Disabled
 NUMA Support: Disabled
 Compressed Oops: Enabled (32-bit)
 Heap Region Size: 1M
 Heap Min Capacity: 8M
 Heap Initial Capacity: 118M
 Heap Max Capacity: 1882M
 Pre-touch: Disabled
 Parallel Workers: 10
 Concurrent Workers: 3
 Concurrent Refinement Workers: 10
 Periodic GC: Disabled
Heap:
 garbage-first heap   total 157696K, used 83691K [0x000000008a600000, 0x0000000100000000)
  region size 1024K, 35 young (35840K), 4 survivors (4096K)
 Metaspace       used 70616K, committed 72256K, reserved 1114112K
  class space    used 8875K, committed 9600K, reserved 1048576K
GC Heap History (20 events):
Event: 255.873 GC heap before
{Heap before GC invocations=61 (full 0):
 garbage-first heap   total 157696K, used 139265K [0x000000008a600000, 0x0000000100000000)
  region size 1024K, 92 young (94208K), 1 survivors (1024K)
 Metaspace       used 68439K, committed 69952K, reserved 1114112K
  class space    used 8612K, committed 9344K, reserved 1048576K
}
Event: 256.564 GC heap after
{Heap after GC invocations=62 (full 0):
 garbage-first heap   total 157696K, used 46054K [0x000000008a600000, 0x0000000100000000)
  region size 1024K, 1 young (1024K), 1 survivors (1024K)
 Metaspace       used 68439K, committed 69952K, reserved 1114112K
  class space    used 8612K, committed 9344K, reserved 1048576K
}
Event: 256.601 GC heap before
{Heap before GC invocations=62 (full 0):
 garbage-first heap   total 157696K, used 52198K [0x000000008a600000, 0x0000000100000000)
  region size 1024K, 7 young (7168K), 1 survivors (1024K)
 Metaspace       used 68439K, committed 69952K, reserved 1114112K
  class space    used 8612K, committed 9344K, reserved 1048576K
}
Event: 256.604 GC heap after
{Heap after GC invocations=63 (full 0):
 garbage-first heap   total 157696K, used 46020K [0x000000008a600000, 0x0000000100000000)
  region size 1024K, 1 young (1024K), 1 survivors (1024K)
 Metaspace       used 68439K, committed 69952K, reserved 1114112K
  class space    used 8612K, committed 9344K, reserved 1048576K
}
Event: 256.623 GC heap before
{Heap before GC invocations=63 (full 0):
 garbage-first heap   total 157696K, used 52164K [0x000000008a600000, 0x0000000100000000)
  region size 1024K, 7 young (7168K), 1 survivors (1024K)
 Metaspace       used 68439K, committed 69952K, reserved 1114112K
  class space    used 8612K, committed 9344K, reserved 1048576K
}
Event: 256.627 GC heap after
{Heap after GC invocations=64 (full 0):
 garbage-first heap   total 157696K, used 46033K [0x000000008a600000, 0x0000000100000000)
  region size 1024K, 1 young (1024K), 1 survivors (1024K)
 Metaspace       used 68439K, committed 69952K, reserved 1114112K
  class space    used 8612K, committed 9344K, reserved 1048576K
}
Event: 256.713 GC heap before
{Heap before GC invocations=64 (full 0):
 garbage-first heap   total 157696K, used 63441K [0x000000008a600000, 0x0000000100000000)
  region size 1024K, 18 young (18432K), 1 survivors (1024K)
 Metaspace       used 68439K, committed 69952K, reserved 1114112K
  class space    used 8612K, committed 9344K, reserved 1048576K
}
Event: 256.730 GC heap after
{Heap after GC invocations=65 (full 0):
 garbage-first heap   total 365568K, used 46105K [0x000000008a600000, 0x0000000100000000)
  region size 1024K, 1 young (1024K), 1 survivors (1024K)
 Metaspace       used 68439K, committed 69952K, reserved 1114112K
  class space    used 8612K, committed 9344K, reserved 1048576K
}
Event: 258.729 GC heap before
{Heap before GC invocations=66 (full 0):
 garbage-first heap   total 157696K, used 139289K [0x000000008a600000, 0x0000000100000000)
  region size 1024K, 92 young (94208K), 1 survivors (1024K)
 Metaspace       used 68439K, committed 69952K, reserved 1114112K
  class space    used 8612K, committed 9344K, reserved 1048576K
}
Event: 258.730 GC heap after
{Heap after GC invocations=67 (full 0):
 garbage-first heap   total 157696K, used 46038K [0x000000008a600000, 0x0000000100000000)
  region size 1024K, 1 young (1024K), 1 survivors (1024K)
 Metaspace       used 68439K, committed 69952K, reserved 1114112K
  class space    used 8612K, committed 9344K, reserved 1048576K
}
Event: 262.276 GC heap before
{Heap before GC invocations=67 (full 0):
 garbage-first heap   total 157696K, used 139222K [0x000000008a600000, 0x0000000100000000)
  region size 1024K, 92 young (94208K), 1 survivors (1024K)
 Metaspace       used 68439K, committed 69952K, reserved 1114112K
  class space    used 8612K, committed 9344K, reserved 1048576K
}
Event: 262.280 GC heap after
{Heap after GC invocations=68 (full 0):
 garbage-first heap   total 157696K, used 45976K [0x000000008a600000, 0x0000000100000000)
  region size 1024K, 1 young (1024K), 1 survivors (1024K)
 Metaspace       used 68439K, committed 69952K, reserved 1114112K
  class space    used 8612K, committed 9344K, reserved 1048576K
}
Event: 266.580 GC heap before
{Heap before GC invocations=68 (full 0):
 garbage-first heap   total 157696K, used 139160K [0x000000008a600000, 0x0000000100000000)
  region size 1024K, 92 young (94208K), 1 survivors (1024K)
 Metaspace       used 68446K, committed 69952K, reserved 1114112K
  class space    used 8612K, committed 9344K, reserved 1048576K
}
Event: 266.582 GC heap after
{Heap after GC invocations=69 (full 0):
 garbage-first heap   total 157696K, used 45973K [0x000000008a600000, 0x0000000100000000)
  region size 1024K, 1 young (1024K), 1 survivors (1024K)
 Metaspace       used 68446K, committed 69952K, reserved 1114112K
  class space    used 8612K, committed 9344K, reserved 1048576K
}
Event: 1121.211 GC heap before
{Heap before GC invocations=70 (full 0):
 garbage-first heap   total 157696K, used 138133K [0x000000008a600000, 0x0000000100000000)
  region size 1024K, 92 young (94208K), 1 survivors (1024K)
 Metaspace       used 68527K, committed 70080K, reserved 1114112K
  class space    used 8618K, committed 9344K, reserved 1048576K
}
Event: 1121.220 GC heap after
{Heap after GC invocations=71 (full 0):
 garbage-first heap   total 157696K, used 46284K [0x000000008a600000, 0x0000000100000000)
  region size 1024K, 1 young (1024K), 1 survivors (1024K)
 Metaspace       used 68527K, committed 70080K, reserved 1114112K
  class space    used 8618K, committed 9344K, reserved 1048576K
}
Event: 1134.646 GC heap before
{Heap before GC invocations=71 (full 0):
 garbage-first heap   total 157696K, used 142540K [0x000000008a600000, 0x0000000100000000)
  region size 1024K, 92 young (94208K), 1 survivors (1024K)
 Metaspace       used 69086K, committed 70656K, reserved 1114112K
  class space    used 8696K, committed 9408K, reserved 1048576K
}
Event: 1134.660 GC heap after
{Heap after GC invocations=72 (full 0):
 garbage-first heap   total 157696K, used 53748K [0x000000008a600000, 0x0000000100000000)
  region size 1024K, 4 young (4096K), 4 survivors (4096K)
 Metaspace       used 69086K, committed 70656K, reserved 1114112K
  class space    used 8696K, committed 9408K, reserved 1048576K
}
Event: 1137.479 GC heap before
{Heap before GC invocations=72 (full 0):
 garbage-first heap   total 157696K, used 142836K [0x000000008a600000, 0x0000000100000000)
  region size 1024K, 92 young (94208K), 4 survivors (4096K)
 Metaspace       used 69335K, committed 70848K, reserved 1114112K
  class space    used 8713K, committed 9408K, reserved 1048576K
}
Event: 1137.486 GC heap after
{Heap after GC invocations=73 (full 0):
 garbage-first heap   total 157696K, used 53995K [0x000000008a600000, 0x0000000100000000)
  region size 1024K, 4 young (4096K), 4 survivors (4096K)
 Metaspace       used 69335K, committed 70848K, reserved 1114112K
  class space    used 8713K, committed 9408K, reserved 1048576K
}

