# JRE version: OpenJDK Runtime Environment Temurin-21.0.10+7 (21.0.10+7) (build 21.0.10+7-LTS)
# Java VM: OpenJDK 64-Bit Server VM Temurin-21.0.10+7 (21.0.10+7-LTS, mixed mode, sharing, tiered, compressed oops, compressed class ptrs, g1 gc, windows-amd64)
GC Precious Log:
 CardTable entry size: 512
 Card Set container configuration: InlinePtr #cards 5 size 8 Array Of Cards #cards 12 size 40 Howl #buckets 4 coarsen threshold 1843 Howl Bitmap #cards 512 size 80 coarsen threshold 460 Card regions per heap region 1 cards per card region 2048
 CPUs: 12 total, 12 available
 Memory: 7521M
 Large Page Support: Disabled
 NUMA Support: Disabled
 Compressed Oops: Enabled (32-bit)
 Heap Region Size: 1M
 Heap Min Capacity: 8M
 Heap Initial Capacity: 118M
 Heap Max Capacity: 1882M
 Pre-touch: Disabled
 Parallel Workers: 10
 Concurrent Workers: 3
 Concurrent Refinement Workers: 10
 Periodic GC: Disabled
Heap:
 garbage-first heap   total 91136K, used 75201K [0x000000008a600000, 0x0000000100000000)
  region size 1024K, 34 young (34816K), 2 survivors (2048K)
 Metaspace       used 58251K, committed 59584K, reserved 1114112K
  class space    used 7324K, committed 7936K, reserved 1048576K
GC Heap History (20 events):
Event: 20.596 GC heap before
{Heap before GC invocations=10 (full 0):
 garbage-first heap   total 56320K, used 47235K [0x000000008a600000, 0x0000000100000000)
  region size 1024K, 31 young (31744K), 5 survivors (5120K)
 Metaspace       used 37632K, committed 38848K, reserved 1114112K
  class space    used 4061K, committed 4608K, reserved 1048576K
}
Event: 20.600 GC heap after
{Heap after GC invocations=11 (full 0):
 garbage-first heap   total 58368K, used 25740K [0x000000008a600000, 0x0000000100000000)
  region size 1024K, 4 young (4096K), 4 survivors (4096K)
 Metaspace       used 37632K, committed 38848K, reserved 1114112K
  class space    used 4061K, committed 4608K, reserved 1048576K
}
Event: 20.715 GC heap before
{Heap before GC invocations=11 (full 0):
 garbage-first heap   total 58368K, used 52364K [0x000000008a600000, 0x0000000100000000)
  region size 1024K, 28 young (28672K), 4 survivors (4096K)
 Metaspace       used 39218K, committed 40384K, reserved 1114112K
  class space    used 4287K, committed 4800K, reserved 1048576K
}
Event: 20.719 GC heap after
{Heap after GC invocations=12 (full 0):
 garbage-first heap   total 73728K, used 31544K [0x000000008a600000, 0x0000000100000000)
  region size 1024K, 3 young (3072K), 3 survivors (3072K)
 Metaspace       used 39218K, committed 40384K, reserved 1114112K
  class space    used 4287K, committed 4800K, reserved 1048576K
}
Event: 20.878 GC heap before
{Heap before GC invocations=12 (full 0):
 garbage-first heap   total 73728K, used 61240K [0x000000008a600000, 0x0000000100000000)
  region size 1024K, 33 young (33792K), 3 survivors (3072K)
 Metaspace       used 41763K, committed 42944K, reserved 1114112K
  class space    used 4675K, committed 5184K, reserved 1048576K
}
Event: 20.880 GC heap after
{Heap after GC invocations=13 (full 0):
 garbage-first heap   total 73728K, used 32489K [0x000000008a600000, 0x0000000100000000)
  region size 1024K, 1 young (1024K), 1 survivors (1024K)
 Metaspace       used 41763K, committed 42944K, reserved 1114112K
  class space    used 4675K, committed 5184K, reserved 1048576K
}
Event: 21.066 GC heap before
{Heap before GC invocations=13 (full 0):
 garbage-first heap   total 73728K, used 63209K [0x000000008a600000, 0x0000000100000000)
  region size 1024K, 32 young (32768K), 1 survivors (1024K)
 Metaspace       used 44728K, committed 45952K, reserved 1114112K
  class space    used 5085K, committed 5632K, reserved 1048576K
}
Event: 21.067 GC heap after
{Heap after GC invocations=14 (full 0):
 garbage-first heap   total 73728K, used 33659K [0x000000008a600000, 0x0000000100000000)
  region size 1024K, 2 young (2048K), 2 survivors (2048K)
 Metaspace       used 44728K, committed 45952K, reserved 1114112K
  class space    used 5085K, committed 5632K, reserved 1048576K
}
Event: 21.226 GC heap before
{Heap before GC invocations=14 (full 0):
 garbage-first heap   total 73728K, used 64379K [0x000000008a600000, 0x0000000100000000)
  region size 1024K, 33 young (33792K), 2 survivors (2048K)
 Metaspace       used 46196K, committed 47488K, reserved 1114112K
  class space    used 5282K, committed 5824K, reserved 1048576K
}
Event: 21.228 GC heap after
{Heap after GC invocations=15 (full 0):
 garbage-first heap   total 73728K, used 34944K [0x000000008a600000, 0x0000000100000000)
  region size 1024K, 4 young (4096K), 4 survivors (4096K)
 Metaspace       used 46196K, committed 47488K, reserved 1114112K
  class space    used 5282K, committed 5824K, reserved 1048576K
}
Event: 21.445 GC heap before
{Heap before GC invocations=15 (full 0):
 garbage-first heap   total 73728K, used 65664K [0x000000008a600000, 0x0000000100000000)
  region size 1024K, 34 young (34816K), 4 survivors (4096K)
 Metaspace       used 48006K, committed 49216K, reserved 1114112K
  class space    used 5529K, committed 6080K, reserved 1048576K
}
Event: 21.448 GC heap after
{Heap after GC invocations=16 (full 0):
 garbage-first heap   total 73728K, used 36280K [0x000000008a600000, 0x0000000100000000)
  region size 1024K, 4 young (4096K), 4 survivors (4096K)
 Metaspace       used 48006K, committed 49216K, reserved 1114112K
  class space    used 5529K, committed 6080K, reserved 1048576K
}
Event: 21.634 GC heap before
{Heap before GC invocations=16 (full 0):
 garbage-first heap   total 73728K, used 62904K [0x000000008a600000, 0x0000000100000000)
  region size 1024K, 32 young (32768K), 4 survivors (4096K)
 Metaspace       used 49579K, committed 50816K, reserved 1114112K
  class space    used 5693K, committed 6208K, reserved 1048576K
}
Event: 21.638 GC heap after
{Heap after GC invocations=17 (full 0):
 garbage-first heap   total 89088K, used 37891K [0x000000008a600000, 0x0000000100000000)
  region size 1024K, 5 young (5120K), 5 survivors (5120K)
 Metaspace       used 49579K, committed 50816K, reserved 1114112K
  class space    used 5693K, committed 6208K, reserved 1048576K
}
Event: 22.058 GC heap before
{Heap before GC invocations=17 (full 0):
 garbage-first heap   total 89088K, used 80899K [0x000000008a600000, 0x0000000100000000)
  region size 1024K, 46 young (47104K), 5 survivors (5120K)
 Metaspace       used 52247K, committed 53504K, reserved 1114112K
  class space    used 6135K, committed 6656K, reserved 1048576K
}
Event: 22.062 GC heap after
{Heap after GC invocations=18 (full 0):
 garbage-first heap   total 91136K, used 42215K [0x000000008a600000, 0x0000000100000000)
  region size 1024K, 6 young (6144K), 6 survivors (6144K)
 Metaspace       used 52247K, committed 53504K, reserved 1114112K
  class space    used 6135K, committed 6656K, reserved 1048576K
}
Event: 23.160 GC heap before
{Heap before GC invocations=18 (full 0):
 garbage-first heap   total 91136K, used 81127K [0x000000008a600000, 0x0000000100000000)
  region size 1024K, 45 young (46080K), 6 survivors (6144K)
 Metaspace       used 54576K, committed 55808K, reserved 1114112K
  class space    used 6497K, committed 7040K, reserved 1048576K
}
Event: 23.163 GC heap after
{Heap after GC invocations=19 (full 0):
 garbage-first heap   total 91136K, used 43917K [0x000000008a600000, 0x0000000100000000)
  region size 1024K, 2 young (2048K), 2 survivors (2048K)
 Metaspace       used 54576K, committed 55808K, reserved 1114112K
  class space    used 6497K, committed 7040K, reserved 1048576K
}
Event: 23.412 GC heap before
{Heap before GC invocations=19 (full 0):
 garbage-first heap   total 91136K, used 81805K [0x000000008a600000, 0x0000000100000000)
  region size 1024K, 40 young (40960K), 2 survivors (2048K)
 Metaspace       used 57010K, committed 58368K, reserved 1114112K
  class space    used 7000K, committed 7616K, reserved 1048576K
}
Event: 23.413 GC heap after
{Heap after GC invocations=20 (full 0):
 garbage-first heap   total 91136K, used 43457K [0x000000008a600000, 0x0000000100000000)
  region size 1024K, 2 young (2048K), 2 survivors (2048K)
 Metaspace       used 57010K, committed 58368K, reserved 1114112K
  class space    used 7000K, committed 7616K, reserved 1048576K
}

