# JRE version: OpenJDK Runtime Environment Temurin-21.0.10+7 (21.0.10+7) (build 21.0.10+7-LTS)
# Java VM: OpenJDK 64-Bit Server VM Temurin-21.0.10+7 (21.0.10+7-LTS, mixed mode, sharing, tiered, compressed oops, compressed class ptrs, g1 gc, windows-amd64)
GC Precious Log:
 CardTable entry size: 512
 Card Set container configuration: InlinePtr #cards 5 size 8 Array Of Cards #cards 12 size 40 Howl #buckets 4 coarsen threshold 1843 Howl Bitmap #cards 512 size 80 coarsen threshold 460 Card regions per heap region 1 cards per card region 2048
 CPUs: 12 total, 12 available
 Memory: 7521M
 Large Page Support: Disabled
 NUMA Support: Disabled
 Compressed Oops: Enabled (32-bit)
 Heap Region Size: 1M
 Heap Min Capacity: 8M
 Heap Initial Capacity: 118M
 Heap Max Capacity: 1882M
 Pre-touch: Disabled
 Parallel Workers: 10
 Concurrent Workers: 3
 Concurrent Refinement Workers: 10
 Periodic GC: Disabled
Heap:
 garbage-first heap   total 120832K, used 30832K [0x000000008a600000, 0x0000000100000000)
  region size 1024K, 28 young (28672K), 9 survivors (9216K)
 Metaspace       used 16740K, committed 17408K, reserved 1114112K
  class space    used 1718K, committed 1984K, reserved 1048576K
GC Heap History (6 events):
Event: 1.482 GC heap before
{Heap before GC invocations=0 (full 0):
 garbage-first heap   total 120832K, used 22528K [0x000000008a600000, 0x0000000100000000)
  region size 1024K, 23 young (23552K), 0 survivors (0K)
 Metaspace       used 4125K, committed 4416K, reserved 1114112K
  class space    used 453K, committed 576K, reserved 1048576K
}
Event: 1.487 GC heap after
{Heap after GC invocations=1 (full 0):
 garbage-first heap   total 120832K, used 3676K [0x000000008a600000, 0x0000000100000000)
  region size 1024K, 3 young (3072K), 3 survivors (3072K)
 Metaspace       used 4125K, committed 4416K, reserved 1114112K
  class space    used 453K, committed 576K, reserved 1048576K
}
Event: 4.013 GC heap before
{Heap before GC invocations=1 (full 0):
 garbage-first heap   total 120832K, used 34396K [0x000000008a600000, 0x0000000100000000)
  region size 1024K, 34 young (34816K), 3 survivors (3072K)
 Metaspace       used 8514K, committed 8896K, reserved 1114112K
  class space    used 905K, committed 1088K, reserved 1048576K
}
Event: 4.018 GC heap after
{Heap after GC invocations=2 (full 0):
 garbage-first heap   total 120832K, used 6878K [0x000000008a600000, 0x0000000100000000)
  region size 1024K, 4 young (4096K), 4 survivors (4096K)
 Metaspace       used 8514K, committed 8896K, reserved 1114112K
  class space    used 905K, committed 1088K, reserved 1048576K
}
Event: 10.799 GC heap before
{Heap before GC invocations=2 (full 0):
 garbage-first heap   total 120832K, used 73438K [0x000000008a600000, 0x0000000100000000)
  region size 1024K, 70 young (71680K), 4 survivors (4096K)
 Metaspace       used 14619K, committed 15168K, reserved 1114112K
  class space    used 1522K, committed 1728K, reserved 1048576K
}
Event: 10.804 GC heap after
{Heap after GC invocations=3 (full 0):
 garbage-first heap   total 120832K, used 12400K [0x000000008a600000, 0x0000000100000000)
  region size 1024K, 9 young (9216K), 9 survivors (9216K)
 Metaspace       used 14619K, committed 15168K, reserved 1114112K
  class space    used 1522K, committed 1728K, reserved 1048576K
}

